16:47:38.814 [main] INFO  c.j.s.practice.log.Log4jTest - info 成功了
16:47:38.817 [main] ERROR c.j.s.practice.log.Log4jTest - error 成功了
16:52:23.976 [main] INFO  c.j.s.SpringbootpracticApplication - Starting SpringbootpracticApplication on MS-20170521YPGW with PID 9048 (F:\workspace\springbootpractic\target\classes started by Administrator in F:\workspace\springbootpractic)
16:52:23.990 [main] DEBUG c.j.s.SpringbootpracticApplication - Running with Spring Boot v1.5.2.RELEASE, Spring v4.3.7.RELEASE
16:52:23.991 [main] INFO  c.j.s.SpringbootpracticApplication - The following profiles are active: dev
16:52:24.038 [main] INFO  o.s.b.c.e.AnnotationConfigEmbeddedWebApplicationContext - Refreshing org.springframework.boot.context.embedded.AnnotationConfigEmbeddedWebApplicationContext@73cd37c0: startup date [Mon Jul 09 16:52:24 GMT+08:00 2018]; root of context hierarchy
16:52:24.261 [background-preinit] INFO  o.h.validator.internal.util.Version - HV000001: Hibernate Validator 5.3.4.Final
16:52:25.001 [main] INFO  o.s.c.s.PostProcessorRegistrationDelegate$BeanPostProcessorChecker - Bean 'org.springframework.transaction.annotation.ProxyTransactionManagementConfiguration' of type [org.springframework.transaction.annotation.ProxyTransactionManagementConfiguration$$EnhancerBySpringCGLIB$$60530746] is not eligible for getting processed by all BeanPostProcessors (for example: not eligible for auto-proxying)
16:52:25.285 [main] INFO  o.s.b.c.e.t.TomcatEmbeddedServletContainer - Tomcat initialized with port(s): 8080 (http)
16:52:25.294 [main] INFO  org.apache.catalina.core.StandardService - Starting service Tomcat
16:52:25.295 [main] INFO  org.apache.catalina.core.StandardEngine - Starting Servlet Engine: Apache Tomcat/8.5.11
16:52:25.379 [localhost-startStop-1] INFO  o.a.c.c.C.[Tomcat].[localhost].[/] - Initializing Spring embedded WebApplicationContext
16:52:25.531 [localhost-startStop-1] INFO  o.s.b.web.servlet.FilterRegistrationBean - Mapping filter: 'characterEncodingFilter' to: [/*]
16:52:25.531 [localhost-startStop-1] INFO  o.s.b.web.servlet.FilterRegistrationBean - Mapping filter: 'hiddenHttpMethodFilter' to: [/*]
16:52:25.531 [localhost-startStop-1] INFO  o.s.b.web.servlet.FilterRegistrationBean - Mapping filter: 'httpPutFormContentFilter' to: [/*]
16:52:25.531 [localhost-startStop-1] INFO  o.s.b.web.servlet.FilterRegistrationBean - Mapping filter: 'requestContextFilter' to: [/*]
16:52:25.532 [localhost-startStop-1] INFO  o.s.b.web.servlet.FilterRegistrationBean - Mapping filter: 'customFilter' to urls: [/*]
16:52:25.532 [localhost-startStop-1] INFO  o.s.b.w.servlet.ServletRegistrationBean - Mapping servlet: 'dispatcherServlet' to [/]
16:52:26.893 [main] INFO  o.s.j.e.a.AnnotationMBeanExporter - Registering beans for JMX exposure on startup
16:52:26.925 [main] INFO  o.apache.coyote.http11.Http11NioProtocol - Initializing ProtocolHandler ["http-nio-8080"]
16:52:26.933 [main] INFO  o.apache.coyote.http11.Http11NioProtocol - Starting ProtocolHandler [http-nio-8080]
16:52:26.945 [main] INFO  o.apache.tomcat.util.net.NioSelectorPool - Using a shared selector for servlet write/read
16:52:26.960 [main] INFO  o.s.b.c.e.t.TomcatEmbeddedServletContainer - Tomcat started on port(s): 8080 (http)
16:52:26.964 [main] INFO  c.j.s.SpringbootpracticApplication - Started SpringbootpracticApplication in 3.499 seconds (JVM running for 4.342)
16:52:43.157 [main] INFO  c.j.s.practice.log.Log4jTest - info 成功了
16:52:43.161 [main] ERROR c.j.s.practice.log.Log4jTest - error 成功了
16:52:54.876 [main] INFO  c.j.s.practice.log.Log4jTest - info 成功了
16:52:54.879 [main] ERROR c.j.s.practice.log.Log4jTest - error 成功了
16:52:58.266 [main] INFO  c.j.s.practice.log.Log4jTest - info 成功了
16:52:58.269 [main] ERROR c.j.s.practice.log.Log4jTest - error 成功了
16:53:07.513 [main] INFO  c.j.s.SpringbootpracticApplication - Starting SpringbootpracticApplication on MS-20170521YPGW with PID 9176 (F:\workspace\springbootpractic\target\classes started by Administrator in F:\workspace\springbootpractic)
16:53:07.516 [main] DEBUG c.j.s.SpringbootpracticApplication - Running with Spring Boot v1.5.2.RELEASE, Spring v4.3.7.RELEASE
16:53:07.516 [main] INFO  c.j.s.SpringbootpracticApplication - The following profiles are active: dev
16:53:07.614 [main] INFO  o.s.b.c.e.AnnotationConfigEmbeddedWebApplicationContext - Refreshing org.springframework.boot.context.embedded.AnnotationConfigEmbeddedWebApplicationContext@73cd37c0: startup date [Mon Jul 09 16:53:07 GMT+08:00 2018]; root of context hierarchy
16:53:08.064 [background-preinit] INFO  o.h.validator.internal.util.Version - HV000001: Hibernate Validator 5.3.4.Final
16:53:08.624 [main] INFO  o.s.c.s.PostProcessorRegistrationDelegate$BeanPostProcessorChecker - Bean 'org.springframework.transaction.annotation.ProxyTransactionManagementConfiguration' of type [org.springframework.transaction.annotation.ProxyTransactionManagementConfiguration$$EnhancerBySpringCGLIB$$796a2d5f] is not eligible for getting processed by all BeanPostProcessors (for example: not eligible for auto-proxying)
16:53:08.848 [main] INFO  o.s.b.c.e.t.TomcatEmbeddedServletContainer - Tomcat initialized with port(s): 8080 (http)
16:53:08.857 [main] INFO  org.apache.catalina.core.StandardService - Starting service Tomcat
16:53:08.858 [main] INFO  org.apache.catalina.core.StandardEngine - Starting Servlet Engine: Apache Tomcat/8.5.11
16:53:08.927 [localhost-startStop-1] INFO  o.a.c.c.C.[Tomcat].[localhost].[/] - Initializing Spring embedded WebApplicationContext
16:53:09.069 [localhost-startStop-1] INFO  o.s.b.web.servlet.FilterRegistrationBean - Mapping filter: 'characterEncodingFilter' to: [/*]
16:53:09.069 [localhost-startStop-1] INFO  o.s.b.web.servlet.FilterRegistrationBean - Mapping filter: 'hiddenHttpMethodFilter' to: [/*]
16:53:09.070 [localhost-startStop-1] INFO  o.s.b.web.servlet.FilterRegistrationBean - Mapping filter: 'httpPutFormContentFilter' to: [/*]
16:53:09.070 [localhost-startStop-1] INFO  o.s.b.web.servlet.FilterRegistrationBean - Mapping filter: 'requestContextFilter' to: [/*]
16:53:09.070 [localhost-startStop-1] INFO  o.s.b.web.servlet.FilterRegistrationBean - Mapping filter: 'customFilter' to urls: [/*]
16:53:09.070 [localhost-startStop-1] INFO  o.s.b.w.servlet.ServletRegistrationBean - Mapping servlet: 'dispatcherServlet' to [/]
16:53:10.121 [main] INFO  o.s.j.e.a.AnnotationMBeanExporter - Registering beans for JMX exposure on startup
16:53:10.135 [main] INFO  o.apache.coyote.http11.Http11NioProtocol - Initializing ProtocolHandler ["http-nio-8080"]
16:53:10.142 [main] INFO  o.apache.coyote.http11.Http11NioProtocol - Starting ProtocolHandler [http-nio-8080]
16:53:10.154 [main] INFO  o.apache.tomcat.util.net.NioSelectorPool - Using a shared selector for servlet write/read
16:53:10.167 [main] INFO  o.s.b.c.e.t.TomcatEmbeddedServletContainer - Tomcat started on port(s): 8080 (http)
16:53:10.171 [main] INFO  c.j.s.SpringbootpracticApplication - Started SpringbootpracticApplication in 2.902 seconds (JVM running for 3.605)
16:53:46.669 [main] INFO  c.j.s.SpringbootpracticApplication - Starting SpringbootpracticApplication on MS-20170521YPGW with PID 1548 (F:\workspace\springbootpractic\target\classes started by Administrator in F:\workspace\springbootpractic)
16:53:46.673 [main] DEBUG c.j.s.SpringbootpracticApplication - Running with Spring Boot v1.5.2.RELEASE, Spring v4.3.7.RELEASE
16:53:46.673 [main] INFO  c.j.s.SpringbootpracticApplication - The following profiles are active: dev
16:53:46.831 [main] INFO  o.s.b.c.e.AnnotationConfigEmbeddedWebApplicationContext - Refreshing org.springframework.boot.context.embedded.AnnotationConfigEmbeddedWebApplicationContext@73cd37c0: startup date [Mon Jul 09 16:53:46 GMT+08:00 2018]; root of context hierarchy
16:53:46.977 [background-preinit] INFO  o.h.validator.internal.util.Version - HV000001: Hibernate Validator 5.3.4.Final
16:53:47.690 [main] INFO  o.s.c.s.PostProcessorRegistrationDelegate$BeanPostProcessorChecker - Bean 'org.springframework.transaction.annotation.ProxyTransactionManagementConfiguration' of type [org.springframework.transaction.annotation.ProxyTransactionManagementConfiguration$$EnhancerBySpringCGLIB$$c15de8f3] is not eligible for getting processed by all BeanPostProcessors (for example: not eligible for auto-proxying)
16:53:47.937 [main] INFO  o.s.b.c.e.t.TomcatEmbeddedServletContainer - Tomcat initialized with port(s): 8080 (http)
16:53:47.946 [main] INFO  org.apache.catalina.core.StandardService - Starting service Tomcat
16:53:47.947 [main] INFO  org.apache.catalina.core.StandardEngine - Starting Servlet Engine: Apache Tomcat/8.5.11
16:53:48.019 [localhost-startStop-1] INFO  o.a.c.c.C.[Tomcat].[localhost].[/] - Initializing Spring embedded WebApplicationContext
16:53:48.170 [localhost-startStop-1] INFO  o.s.b.web.servlet.FilterRegistrationBean - Mapping filter: 'characterEncodingFilter' to: [/*]
16:53:48.171 [localhost-startStop-1] INFO  o.s.b.web.servlet.FilterRegistrationBean - Mapping filter: 'hiddenHttpMethodFilter' to: [/*]
16:53:48.171 [localhost-startStop-1] INFO  o.s.b.web.servlet.FilterRegistrationBean - Mapping filter: 'httpPutFormContentFilter' to: [/*]
16:53:48.171 [localhost-startStop-1] INFO  o.s.b.web.servlet.FilterRegistrationBean - Mapping filter: 'requestContextFilter' to: [/*]
16:53:48.172 [localhost-startStop-1] INFO  o.s.b.web.servlet.FilterRegistrationBean - Mapping filter: 'customFilter' to urls: [/*]
16:53:48.172 [localhost-startStop-1] INFO  o.s.b.w.servlet.ServletRegistrationBean - Mapping servlet: 'dispatcherServlet' to [/]
16:53:49.269 [main] INFO  o.s.j.e.a.AnnotationMBeanExporter - Registering beans for JMX exposure on startup
16:53:49.285 [main] INFO  o.apache.coyote.http11.Http11NioProtocol - Initializing ProtocolHandler ["http-nio-8080"]
16:53:49.293 [main] INFO  o.apache.coyote.http11.Http11NioProtocol - Starting ProtocolHandler [http-nio-8080]
16:53:49.304 [main] INFO  o.apache.tomcat.util.net.NioSelectorPool - Using a shared selector for servlet write/read
16:53:49.317 [main] INFO  o.s.b.c.e.t.TomcatEmbeddedServletContainer - Tomcat started on port(s): 8080 (http)
16:53:49.321 [main] INFO  c.j.s.SpringbootpracticApplication - Started SpringbootpracticApplication in 3.024 seconds (JVM running for 3.748)
16:54:05.266 [main] INFO  c.j.s.practice.log.Log4jTest - info 成功了
16:54:05.270 [main] ERROR c.j.s.practice.log.Log4jTest - error 成功了
16:54:10.986 [main] INFO  c.j.s.SpringbootpracticApplication - Starting SpringbootpracticApplication on MS-20170521YPGW with PID 6364 (F:\workspace\springbootpractic\target\classes started by Administrator in F:\workspace\springbootpractic)
16:54:10.990 [main] DEBUG c.j.s.SpringbootpracticApplication - Running with Spring Boot v1.5.2.RELEASE, Spring v4.3.7.RELEASE
16:54:10.991 [main] INFO  c.j.s.SpringbootpracticApplication - The following profiles are active: dev
16:54:11.115 [main] INFO  o.s.b.c.e.AnnotationConfigEmbeddedWebApplicationContext - Refreshing org.springframework.boot.context.embedded.AnnotationConfigEmbeddedWebApplicationContext@73cd37c0: startup date [Mon Jul 09 16:54:11 GMT+08:00 2018]; root of context hierarchy
16:54:11.335 [background-preinit] INFO  o.h.validator.internal.util.Version - HV000001: Hibernate Validator 5.3.4.Final
16:54:12.014 [main] INFO  o.s.c.s.PostProcessorRegistrationDelegate$BeanPostProcessorChecker - Bean 'org.springframework.transaction.annotation.ProxyTransactionManagementConfiguration' of type [org.springframework.transaction.annotation.ProxyTransactionManagementConfiguration$$EnhancerBySpringCGLIB$$796a2d5f] is not eligible for getting processed by all BeanPostProcessors (for example: not eligible for auto-proxying)
16:54:12.241 [main] INFO  o.s.b.c.e.t.TomcatEmbeddedServletContainer - Tomcat initialized with port(s): 8080 (http)
16:54:12.249 [main] INFO  org.apache.catalina.core.StandardService - Starting service Tomcat
16:54:12.250 [main] INFO  org.apache.catalina.core.StandardEngine - Starting Servlet Engine: Apache Tomcat/8.5.11
16:54:12.320 [localhost-startStop-1] INFO  o.a.c.c.C.[Tomcat].[localhost].[/] - Initializing Spring embedded WebApplicationContext
16:54:12.473 [localhost-startStop-1] INFO  o.s.b.web.servlet.FilterRegistrationBean - Mapping filter: 'characterEncodingFilter' to: [/*]
16:54:12.474 [localhost-startStop-1] INFO  o.s.b.web.servlet.FilterRegistrationBean - Mapping filter: 'hiddenHttpMethodFilter' to: [/*]
16:54:12.474 [localhost-startStop-1] INFO  o.s.b.web.servlet.FilterRegistrationBean - Mapping filter: 'httpPutFormContentFilter' to: [/*]
16:54:12.474 [localhost-startStop-1] INFO  o.s.b.web.servlet.FilterRegistrationBean - Mapping filter: 'requestContextFilter' to: [/*]
16:54:12.474 [localhost-startStop-1] INFO  o.s.b.web.servlet.FilterRegistrationBean - Mapping filter: 'customFilter' to urls: [/*]
16:54:12.474 [localhost-startStop-1] INFO  o.s.b.w.servlet.ServletRegistrationBean - Mapping servlet: 'dispatcherServlet' to [/]
16:54:13.562 [main] INFO  o.s.j.e.a.AnnotationMBeanExporter - Registering beans for JMX exposure on startup
16:54:13.576 [main] INFO  o.apache.coyote.http11.Http11NioProtocol - Initializing ProtocolHandler ["http-nio-8080"]
16:54:13.584 [main] INFO  o.apache.coyote.http11.Http11NioProtocol - Starting ProtocolHandler [http-nio-8080]
16:54:13.596 [main] INFO  o.apache.tomcat.util.net.NioSelectorPool - Using a shared selector for servlet write/read
16:54:13.608 [main] INFO  o.s.b.c.e.t.TomcatEmbeddedServletContainer - Tomcat started on port(s): 8080 (http)
16:54:13.612 [main] INFO  c.j.s.SpringbootpracticApplication - Started SpringbootpracticApplication in 2.922 seconds (JVM running for 3.64)
16:54:51.557 [main] INFO  c.j.s.SpringbootpracticApplication - Starting SpringbootpracticApplication on MS-20170521YPGW with PID 2400 (F:\workspace\springbootpractic\target\classes started by Administrator in F:\workspace\springbootpractic)
16:54:51.559 [main] DEBUG c.j.s.SpringbootpracticApplication - Running with Spring Boot v1.5.2.RELEASE, Spring v4.3.7.RELEASE
16:54:51.559 [main] INFO  c.j.s.SpringbootpracticApplication - The following profiles are active: dev
16:54:51.652 [background-preinit] INFO  o.h.validator.internal.util.Version - HV000001: Hibernate Validator 5.3.4.Final
16:54:51.724 [main] INFO  o.s.b.c.e.AnnotationConfigEmbeddedWebApplicationContext - Refreshing org.springframework.boot.context.embedded.AnnotationConfigEmbeddedWebApplicationContext@363ee3a2: startup date [Mon Jul 09 16:54:51 GMT+08:00 2018]; root of context hierarchy
16:54:52.463 [main] INFO  o.s.c.s.PostProcessorRegistrationDelegate$BeanPostProcessorChecker - Bean 'org.springframework.transaction.annotation.ProxyTransactionManagementConfiguration' of type [org.springframework.transaction.annotation.ProxyTransactionManagementConfiguration$$EnhancerBySpringCGLIB$$8129274e] is not eligible for getting processed by all BeanPostProcessors (for example: not eligible for auto-proxying)
16:54:52.654 [main] INFO  o.s.b.c.e.t.TomcatEmbeddedServletContainer - Tomcat initialized with port(s): 8080 (http)
16:54:52.663 [main] INFO  org.apache.catalina.core.StandardService - Starting service Tomcat
16:54:52.663 [main] INFO  org.apache.catalina.core.StandardEngine - Starting Servlet Engine: Apache Tomcat/8.5.11
16:54:52.738 [localhost-startStop-1] INFO  o.a.c.c.C.[Tomcat].[localhost].[/] - Initializing Spring embedded WebApplicationContext
16:54:52.856 [localhost-startStop-1] INFO  o.s.b.web.servlet.FilterRegistrationBean - Mapping filter: 'characterEncodingFilter' to: [/*]
16:54:52.856 [localhost-startStop-1] INFO  o.s.b.web.servlet.FilterRegistrationBean - Mapping filter: 'hiddenHttpMethodFilter' to: [/*]
16:54:52.856 [localhost-startStop-1] INFO  o.s.b.web.servlet.FilterRegistrationBean - Mapping filter: 'httpPutFormContentFilter' to: [/*]
16:54:52.856 [localhost-startStop-1] INFO  o.s.b.web.servlet.FilterRegistrationBean - Mapping filter: 'requestContextFilter' to: [/*]
16:54:52.857 [localhost-startStop-1] INFO  o.s.b.web.servlet.FilterRegistrationBean - Mapping filter: 'customFilter' to urls: [/*]
16:54:52.857 [localhost-startStop-1] INFO  o.s.b.w.servlet.ServletRegistrationBean - Mapping servlet: 'dispatcherServlet' to [/]
16:54:53.668 [main] INFO  o.s.j.e.a.AnnotationMBeanExporter - Registering beans for JMX exposure on startup
16:54:53.681 [main] INFO  o.apache.coyote.http11.Http11NioProtocol - Initializing ProtocolHandler ["http-nio-8080"]
16:54:53.688 [main] INFO  o.apache.coyote.http11.Http11NioProtocol - Starting ProtocolHandler [http-nio-8080]
16:54:53.696 [main] INFO  o.apache.tomcat.util.net.NioSelectorPool - Using a shared selector for servlet write/read
16:54:53.707 [main] INFO  o.s.b.c.e.t.TomcatEmbeddedServletContainer - Tomcat started on port(s): 8080 (http)
16:54:53.710 [main] INFO  c.j.s.SpringbootpracticApplication - Started SpringbootpracticApplication in 2.531 seconds (JVM running for 3.181)
